<?xml version="1.0" encoding="UTF-8"?>
<!-- Generated by org.testng.reporters.JUnitReportReporter -->
<testsuite skipped="0" hostname="RIYAZ" name="Runner.TestRunner" tests="1" failures="0" timestamp="15 Jan 2021 06:13:17 GMT" time="58.428" errors="0">
  <testcase name="feature" time="58.428" classname="Runner.TestRunner"/>
</testsuite> <!-- Runner.TestRunner -->
